Base path: D:/Unity514/Unity/Editor/Data
Pipe name: \\.\pipe\UnityShaderCompiler-64bit-1-1652
Cmd: getPlatforms
Cmd: preprocess
  insize=1709 outsize=1176 ok=1
Cmd: preprocess
  insize=204 outsize=204 ok=1
Cmd: preprocess
  insize=1557 outsize=1226 ok=1
Cmd: preprocess
  insize=1384 outsize=1172 ok=1
Cmd: preprocess
  insize=603 outsize=1132 ok=1
Cmd: preprocess
  insize=1883 outsize=1349 ok=1
Cmd: preprocess
  insize=1647 outsize=1198 ok=1
Cmd: preprocess
  insize=219 outsize=219 ok=1
Cmd: preprocess
  insize=1473 outsize=1024 ok=1
Cmd: preprocess
  insize=2317 outsize=849 ok=1
Cmd: preprocess
  insize=1571 outsize=492 ok=1
Cmd: preprocess
  insize=1404 outsize=973 ok=1
Cmd: compileSnippet
  error: 2 plat 4 at (45): 'vert': output parameter 'o' not completely initialized\nCompiling Vertex program with DIRECTIONAL SHADOWS_OFF LIGHTMAP_OFF DIRLIGHTMAP_OFF DYNAMICLIGHTMAP_OFF
  api=4 type=0 insize=6317 outsize=0 kw=DIRECTIONAL SHADOWS_OFF LIGHTMAP_OFF DIRLIGHTMAP_OFF DYNAMICLIGHTMAP_OFF ok=0
Cmd: preprocess
  insize=2886 outsize=889 ok=1
Cmd: preprocess
  insize=1400 outsize=1188 ok=1
Cmd: preprocess
  insize=2330 outsize=478 ok=1
Cmd: preprocess
  insize=1986 outsize=887 ok=1
Cmd: preprocess
  insize=1573 outsize=1242 ok=1
Cmd: preprocess
  insize=1269 outsize=1089 ok=1
Cmd: preprocess
  insize=1964 outsize=478 ok=1
Cmd: preprocess
  insize=1124 outsize=1602 ok=1
Cmd: preprocess
  insize=480 outsize=480 ok=1
Cmd: preprocess
  insize=1130 outsize=1608 ok=1
Cmd: preprocess
  insize=1648 outsize=1122 ok=1
Cmd: compileSnippet
  error: 2 plat 4 at (50): 'vert': output parameter 'o' not completely initialized\nCompiling Vertex program with DIRECTIONAL SHADOWS_OFF LIGHTMAP_OFF DIRLIGHTMAP_OFF DYNAMICLIGHTMAP_OFF
  api=4 type=0 insize=6830 outsize=0 kw=DIRECTIONAL SHADOWS_OFF LIGHTMAP_OFF DIRLIGHTMAP_OFF DYNAMICLIGHTMAP_OFF ok=0
Cmd: preprocess
  insize=1899 outsize=1365 ok=1
Cmd: preprocess
  insize=971 outsize=1273 ok=1
Cmd: preprocess
  insize=1513 outsize=804 ok=1
Cmd: preprocess
  insize=2450 outsize=535 ok=1
Cmd: preprocess
  insize=2083 outsize=533 ok=1
Cmd: preprocess
  insize=1207 outsize=1279 ok=1
Cmd: preprocess
  insize=1551 outsize=845 ok=1
Cmd: preprocess
  insize=6569 outsize=1298 ok=1
Cmd: preprocess
  insize=1404 outsize=609 ok=1
Cmd: preprocess
  insize=1663 outsize=1214 ok=1
Cmd: preprocess
  insize=196 outsize=196 ok=1
Cmd: preprocess
  insize=1452 outsize=830 ok=1
Cmd: preprocess
  insize=1503 outsize=625 ok=1
Cmd: preprocess
  insize=2684 outsize=849 ok=1
Cmd: preprocess
  insize=1838 outsize=1312 ok=1
Cmd: compileSnippet
  error: 2 plat 4 at (53): 'vert': output parameter 'o' not completely initialized\nCompiling Vertex program with DIRECTIONAL SHADOWS_OFF LIGHTMAP_OFF DIRLIGHTMAP_OFF DYNAMICLIGHTMAP_OFF
  api=4 type=0 insize=6830 outsize=0 kw=DIRECTIONAL SHADOWS_OFF LIGHTMAP_OFF DIRLIGHTMAP_OFF DYNAMICLIGHTMAP_OFF ok=0
Cmd: preprocess
  insize=1574 outsize=868 ok=1
Cmd: preprocess
  insize=1500 outsize=667 ok=1
Cmd: preprocess
  insize=1066 outsize=1006 ok=1
Cmd: preprocess
  insize=1079 outsize=900 ok=1
Cmd: preprocess
  insize=1636 outsize=878 ok=1
Cmd: preprocess
  insize=1560 outsize=533 ok=1
Cmd: preprocess
  insize=1456 outsize=750 ok=1
Cmd: preprocess
  insize=1055 outsize=995 ok=1
Cmd: preprocess
  insize=1428 outsize=478 ok=1
Cmd: preprocess
  insize=1594 outsize=1163 ok=1
Cmd: compileSnippet
  error: 2 plat 4 at (48): 'vert': output parameter 'o' not completely initialized\nCompiling Vertex program with DIRECTIONAL SHADOWS_OFF LIGHTMAP_OFF DIRLIGHTMAP_OFF DYNAMICLIGHTMAP_OFF
  api=4 type=0 insize=6317 outsize=0 kw=DIRECTIONAL SHADOWS_OFF LIGHTMAP_OFF DIRLIGHTMAP_OFF DYNAMICLIGHTMAP_OFF ok=0
Cmd: preprocess
  insize=3042 outsize=2109 ok=1
Cmd: preprocess
  insize=1822 outsize=1296 ok=1
Cmd: compileSnippet
  error: 2 plat 4 at (53): 'vert': output parameter 'o' not completely initialized\nCompiling Vertex program with DIRECTIONAL SHADOWS_OFF LIGHTMAP_OFF DIRLIGHTMAP_OFF DYNAMICLIGHTMAP_OFF
  api=4 type=0 insize=6830 outsize=0 kw=DIRECTIONAL SHADOWS_OFF LIGHTMAP_OFF DIRLIGHTMAP_OFF DYNAMICLIGHTMAP_OFF ok=0
Cmd: preprocess
  insize=1092 outsize=2082 ok=1
Cmd: preprocess
  insize=1328 outsize=540 ok=1
Cmd: preprocess
  insize=1578 outsize=1147 ok=1
Cmd: compileSnippet
  error: 2 plat 4 at (48): 'vert': output parameter 'o' not completely initialized\nCompiling Vertex program with DIRECTIONAL SHADOWS_OFF LIGHTMAP_OFF DIRLIGHTMAP_OFF DYNAMICLIGHTMAP_OFF
  api=4 type=0 insize=6317 outsize=0 kw=DIRECTIONAL SHADOWS_OFF LIGHTMAP_OFF DIRLIGHTMAP_OFF DYNAMICLIGHTMAP_OFF ok=0
Cmd: preprocess
  insize=1383 outsize=1051 ok=1
Cmd: preprocess
  insize=1093 outsize=363 ok=1
Cmd: preprocess
  insize=782 outsize=782 ok=1
Cmd: preprocess
  insize=850 outsize=850 ok=1
Cmd: preprocess
  insize=2519 outsize=887 ok=1
Cmd: preprocess
  insize=950 outsize=1952 ok=1
Cmd: preprocess
  insize=1784 outsize=847 ok=1
Cmd: preprocess
  insize=2474 outsize=494 ok=1
Cmd: preprocess
  insize=435 outsize=435 ok=1
Cmd: preprocess
  insize=1253 outsize=1073 ok=1
Cmd: preprocess
  insize=1465 outsize=506 ok=1
Cmd: preprocess
  insize=1414 outsize=840 ok=1
Cmd: preprocess
  insize=5950 outsize=3819 ok=1
Cmd: preprocess
  insize=1464 outsize=884 ok=1
Cmd: preprocess
  insize=2361 outsize=2710 ok=1
Cmd: preprocess
  insize=1287 outsize=490 ok=1
Cmd: preprocess
  insize=893 outsize=833 ok=1
Cmd: preprocess
  insize=1232 outsize=482 ok=1
Cmd: preprocess
  insize=2107 outsize=491 ok=1
Cmd: preprocess
  insize=1210 outsize=998 ok=1
Cmd: preprocess
  insize=1668 outsize=929 ok=1
Cmd: preprocess
  insize=1862 outsize=1031 ok=1
Cmd: preprocess
  insize=1565 outsize=860 ok=1
Cmd: compileSnippet
  api=4 type=0 insize=7025 outsize=3663 kw=DIRECTIONAL SHADOWS_OFF LIGHTMAP_OFF DIRLIGHTMAP_OFF DYNAMICLIGHTMAP_OFF ok=1
Cmd: compileSnippet
  api=4 type=1 insize=7025 outsize=2298 kw=DIRECTIONAL SHADOWS_OFF LIGHTMAP_OFF DIRLIGHTMAP_OFF DYNAMICLIGHTMAP_OFF ok=1
Cmd: compileSnippet
  api=4 type=0 insize=3820 outsize=2753 kw=DIRECTIONAL ok=1
Cmd: compileSnippet
  api=4 type=1 insize=3820 outsize=2151 kw=DIRECTIONAL ok=1
Cmd: compileSnippet
  api=4 type=0 insize=3635 outsize=2753 kw=DIRECTIONAL ok=1
Cmd: compileSnippet
  api=4 type=1 insize=3635 outsize=1168 kw=DIRECTIONAL ok=1
Cmd: compileSnippet
  api=4 type=0 insize=7432 outsize=4719 kw=DIRECTIONAL LIGHTMAP_OFF DIRLIGHTMAP_OFF DYNAMICLIGHTMAP_OFF ok=1
Cmd: compileSnippet
  api=4 type=1 insize=7432 outsize=3500 kw=DIRECTIONAL LIGHTMAP_OFF DIRLIGHTMAP_OFF DYNAMICLIGHTMAP_OFF ok=1
Cmd: compileSnippet
  api=4 type=0 insize=4828 outsize=3955 kw=DIRECTIONAL ok=1
Cmd: compileSnippet
  api=4 type=1 insize=4828 outsize=2931 kw=DIRECTIONAL ok=1
